<?xml version="1.0" encoding="UTF-8"?>
<testng-results skipped="0" failed="0" total="4" passed="4">
  <reporter-output>
  </reporter-output>
  <suite name="Suite" duration-ms="3461" started-at="2019-02-27T08:13:40Z" finished-at="2019-02-27T08:13:44Z">
    <groups>
    </groups>
    <test name="Test" duration-ms="3461" started-at="2019-02-27T08:13:40Z" finished-at="2019-02-27T08:13:44Z">
      <class name="pom.qa.rest.test.APITest">
        <test-method status="PASS" signature="test_userGET()[pri:1, instance:pom.qa.rest.test.APITest@7ac7a4e4]" name="test_userGET" duration-ms="1918" started-at="2019-02-27T02:13:40Z" finished-at="2019-02-27T02:13:42Z">
          <reporter-output>
          </reporter-output>
        </test-method> <!-- test_userGET -->
        <test-method status="PASS" signature="test_userPOST()[pri:2, instance:pom.qa.rest.test.APITest@7ac7a4e4]" name="test_userPOST" duration-ms="519" started-at="2019-02-27T02:13:42Z" finished-at="2019-02-27T02:13:43Z">
          <reporter-output>
          </reporter-output>
        </test-method> <!-- test_userPOST -->
        <test-method status="PASS" signature="test_userPUT()[pri:3, instance:pom.qa.rest.test.APITest@7ac7a4e4]" name="test_userPUT" duration-ms="492" started-at="2019-02-27T02:13:43Z" finished-at="2019-02-27T02:13:43Z">
          <reporter-output>
          </reporter-output>
        </test-method> <!-- test_userPUT -->
        <test-method status="PASS" signature="test_userDELETE()[pri:4, instance:pom.qa.rest.test.APITest@7ac7a4e4]" name="test_userDELETE" duration-ms="514" started-at="2019-02-27T02:13:43Z" finished-at="2019-02-27T02:13:44Z">
          <reporter-output>
          </reporter-output>
        </test-method> <!-- test_userDELETE -->
      </class> <!-- pom.qa.rest.test.APITest -->
    </test> <!-- Test -->
  </suite> <!-- Suite -->
</testng-results>
