<?xml version="1.0" encoding="UTF-8"?>
<!-- Generated by org.testng.reporters.JUnitXMLReporter -->
<testsuite hostname="DESKTOP-5KQ6OT2" name="Default test" tests="4" failures="0" timestamp="27 Feb 2019 08:13:31 GMT" time="3.559" errors="0">
  <testcase name="test_userGET" time="1.865" classname="pom.qa.rest.test.APITest"/>
  <testcase name="test_userPOST" time="0.513" classname="pom.qa.rest.test.APITest"/>
  <testcase name="test_userPUT" time="0.503" classname="pom.qa.rest.test.APITest"/>
  <testcase name="test_userDELETE" time="0.664" classname="pom.qa.rest.test.APITest"/>
</testsuite> <!-- Default test -->
